# JRE version: Java(TM) SE Runtime Environment (17.0.6+9) (build 17.0.6+9-LTS-190)
# Java VM: Java HotSpot(TM) 64-Bit Server VM (17.0.6+9-LTS-190, mixed mode, sharing, tiered, compressed oops, compressed class ptrs, g1 gc, windows-amd64)
GC Precious Log:
 CPUs: 20 total, 20 available
 Memory: 16176M
 Large Page Support: Disabled
 NUMA Support: Disabled
 Compressed Oops: Enabled (32-bit)
 Heap Region Size: 1M
 Heap Min Capacity: 8M
 Heap Initial Capacity: 254M
 Heap Max Capacity: 2G
 Pre-touch: Disabled
 Parallel Workers: 15
 Concurrent Workers: 4
 Concurrent Refinement Workers: 15
 Periodic GC: Disabled
Heap:
 garbage-first heap   total 260096K, used 102827K [0x0000000080000000, 0x0000000100000000)
  region size 1024K, 2 young (2048K), 2 survivors (2048K)
 Metaspace       used 96630K, committed 97472K, reserved 1138688K
  class space    used 13183K, committed 13632K, reserved 1048576K
GC Heap History (20 events):
Event: 10.423 GC heap after
{Heap after GC invocations=25 (full 0):
 garbage-first heap   total 189440K, used 87980K [0x0000000080000000, 0x0000000100000000)
  region size 1024K, 10 young (10240K), 10 survivors (10240K)
 Metaspace       used 89751K, committed 90560K, reserved 1130496K
  class space    used 12362K, committed 12736K, reserved 1048576K
}
Event: 11.021 GC heap before
{Heap before GC invocations=25 (full 0):
 garbage-first heap   total 189440K, used 153516K [0x0000000080000000, 0x0000000100000000)
  region size 1024K, 75 young (76800K), 10 survivors (10240K)
 Metaspace       used 90511K, committed 91328K, reserved 1130496K
  class space    used 12478K, committed 12864K, reserved 1048576K
}
Event: 11.030 GC heap after
{Heap after GC invocations=26 (full 0):
 garbage-first heap   total 189440K, used 94569K [0x0000000080000000, 0x0000000100000000)
  region size 1024K, 7 young (7168K), 7 survivors (7168K)
 Metaspace       used 90511K, committed 91328K, reserved 1130496K
  class space    used 12478K, committed 12864K, reserved 1048576K
}
Event: 11.060 GC heap before
{Heap before GC invocations=26 (full 0):
 garbage-first heap   total 189440K, used 95593K [0x0000000080000000, 0x0000000100000000)
  region size 1024K, 10 young (10240K), 7 survivors (7168K)
 Metaspace       used 90698K, committed 91456K, reserved 1130496K
  class space    used 12497K, committed 12864K, reserved 1048576K
}
Event: 11.064 GC heap after
{Heap after GC invocations=27 (full 0):
 garbage-first heap   total 189440K, used 94629K [0x0000000080000000, 0x0000000100000000)
  region size 1024K, 1 young (1024K), 1 survivors (1024K)
 Metaspace       used 90698K, committed 91456K, reserved 1130496K
  class space    used 12497K, committed 12864K, reserved 1048576K
}
Event: 12.365 GC heap before
{Heap before GC invocations=28 (full 0):
 garbage-first heap   total 189440K, used 174501K [0x0000000080000000, 0x0000000100000000)
  region size 1024K, 61 young (62464K), 1 survivors (1024K)
 Metaspace       used 93226K, committed 94016K, reserved 1130496K
  class space    used 12789K, committed 13184K, reserved 1048576K
}
Event: 12.368 GC heap after
{Heap after GC invocations=29 (full 0):
 garbage-first heap   total 189440K, used 95031K [0x0000000080000000, 0x0000000100000000)
  region size 1024K, 1 young (1024K), 1 survivors (1024K)
 Metaspace       used 93226K, committed 94016K, reserved 1130496K
  class space    used 12789K, committed 13184K, reserved 1048576K
}
Event: 12.493 GC heap before
{Heap before GC invocations=29 (full 0):
 garbage-first heap   total 189440K, used 102199K [0x0000000080000000, 0x0000000100000000)
  region size 1024K, 9 young (9216K), 1 survivors (1024K)
 Metaspace       used 93874K, committed 94720K, reserved 1138688K
  class space    used 12856K, committed 13248K, reserved 1048576K
}
Event: 12.496 GC heap after
{Heap after GC invocations=30 (full 0):
 garbage-first heap   total 189440K, used 94059K [0x0000000080000000, 0x0000000100000000)
  region size 1024K, 2 young (2048K), 2 survivors (2048K)
 Metaspace       used 93874K, committed 94720K, reserved 1138688K
  class space    used 12856K, committed 13248K, reserved 1048576K
}
Event: 13.477 GC heap before
{Heap before GC invocations=30 (full 0):
 garbage-first heap   total 189440K, used 156523K [0x0000000080000000, 0x0000000100000000)
  region size 1024K, 64 young (65536K), 2 survivors (2048K)
 Metaspace       used 96553K, committed 97408K, reserved 1138688K
  class space    used 13176K, committed 13632K, reserved 1048576K
}
Event: 14.487 GC heap after
{Heap after GC invocations=31 (full 0):
 garbage-first heap   total 227328K, used 99440K [0x0000000080000000, 0x0000000100000000)
  region size 1024K, 7 young (7168K), 7 survivors (7168K)
 Metaspace       used 96553K, committed 97408K, reserved 1138688K
  class space    used 13176K, committed 13632K, reserved 1048576K
}
Event: 14.538 GC heap before
{Heap before GC invocations=32 (full 0):
 garbage-first heap   total 227328K, used 102512K [0x0000000080000000, 0x0000000100000000)
  region size 1024K, 11 young (11264K), 7 survivors (7168K)
 Metaspace       used 96565K, committed 97408K, reserved 1138688K
  class space    used 13176K, committed 13632K, reserved 1048576K
}
Event: 14.542 GC heap after
{Heap after GC invocations=33 (full 0):
 garbage-first heap   total 227328K, used 100323K [0x0000000080000000, 0x0000000100000000)
  region size 1024K, 2 young (2048K), 2 survivors (2048K)
 Metaspace       used 96565K, committed 97408K, reserved 1138688K
  class space    used 13176K, committed 13632K, reserved 1048576K
}
Event: 14.594 GC heap before
{Heap before GC invocations=33 (full 0):
 garbage-first heap   total 227328K, used 108515K [0x0000000080000000, 0x0000000100000000)
  region size 1024K, 11 young (11264K), 2 survivors (2048K)
 Metaspace       used 96573K, committed 97472K, reserved 1138688K
  class space    used 13178K, committed 13632K, reserved 1048576K
}
Event: 14.596 GC heap after
{Heap after GC invocations=34 (full 0):
 garbage-first heap   total 227328K, used 100696K [0x0000000080000000, 0x0000000100000000)
  region size 1024K, 2 young (2048K), 2 survivors (2048K)
 Metaspace       used 96573K, committed 97472K, reserved 1138688K
  class space    used 13178K, committed 13632K, reserved 1048576K
}
Event: 14.654 GC heap before
{Heap before GC invocations=34 (full 0):
 garbage-first heap   total 227328K, used 108888K [0x0000000080000000, 0x0000000100000000)
  region size 1024K, 11 young (11264K), 2 survivors (2048K)
 Metaspace       used 96610K, committed 97472K, reserved 1138688K
  class space    used 13182K, committed 13632K, reserved 1048576K
}
Event: 14.656 GC heap after
{Heap after GC invocations=35 (full 0):
 garbage-first heap   total 227328K, used 101348K [0x0000000080000000, 0x0000000100000000)
  region size 1024K, 2 young (2048K), 2 survivors (2048K)
 Metaspace       used 96610K, committed 97472K, reserved 1138688K
  class space    used 13182K, committed 13632K, reserved 1048576K
}
Event: 14.717 GC heap before
{Heap before GC invocations=35 (full 0):
 garbage-first heap   total 227328K, used 109540K [0x0000000080000000, 0x0000000100000000)
  region size 1024K, 11 young (11264K), 2 survivors (2048K)
 Metaspace       used 96611K, committed 97472K, reserved 1138688K
  class space    used 13182K, committed 13632K, reserved 1048576K
}
Event: 14.719 GC heap after
{Heap after GC invocations=36 (full 0):
 garbage-first heap   total 227328K, used 101993K [0x0000000080000000, 0x0000000100000000)
  region size 1024K, 2 young (2048K), 2 survivors (2048K)
 Metaspace       used 96611K, committed 97472K, reserved 1138688K
  class space    used 13182K, committed 13632K, reserved 1048576K
}
Event: 14.835 GC heap before
{Heap before GC invocations=36 (full 0):
 garbage-first heap   total 227328K, used 110185K [0x0000000080000000, 0x0000000100000000)
  region size 1024K, 11 young (11264K), 2 survivors (2048K)
 Metaspace       used 96630K, committed 97472K, reserved 1138688K
  class space    used 13183K, committed 13632K, reserved 1048576K
}

